<?xml version="1.0" encoding="UTF-8"?>
<testng-results skipped="0" failed="0" total="1" passed="1">
  <reporter-output>
  </reporter-output>
  <suite name="Default suite" duration-ms="1500" started-at="2018-07-08T00:14:53Z" finished-at="2018-07-08T00:14:55Z">
    <groups>
    </groups>
    <test name="Default test" duration-ms="1500" started-at="2018-07-08T00:14:53Z" finished-at="2018-07-08T00:14:55Z">
      <class name="RestApiTests.GetUser">
        <test-method status="PASS" signature="getUser2Returns200WithExpectedName()[pri:0, instance:RestApiTests.GetUser@5d5eef3d]" name="getUser2Returns200WithExpectedName" duration-ms="1485" started-at="2018-07-07T19:14:53Z" finished-at="2018-07-07T19:14:55Z">
          <reporter-output>
          </reporter-output>
        </test-method> <!-- getUser2Returns200WithExpectedName -->
      </class> <!-- RestApiTests.GetUser -->
    </test> <!-- Default test -->
  </suite> <!-- Default suite -->
</testng-results>
